-- Most popular foods
+----+---------------------------+----------------+
| id | name                      | purchase_count |
+----+---------------------------+----------------+
|  3 | Ham & Swiss Panini        |              4 |
|  2 | Bacon, Egg & Cheese Bagel |              3 |
+----+---------------------------+----------------+

-- Most popular restaurants
+----+-------------+----------------+
| id | name        | purchase_count |
+----+-------------+----------------+
|  2 | Burger King |              8 |
|  1 | McDonalds   |              5 |
+----+-------------+----------------+

-- Most popular foods at a restaurant
+----+--------------------+----------------+
| id | name               | purchase_count |
+----+--------------------+----------------+
|  3 | Ham & Swiss Panini |              4 |
+----+--------------------+----------------+
