+--------------------------------------------------------------+----------+------+------+-------+---------+---------------------+
| name                                                         | calories | fat  | carb | fiber | protein | created_at          |
+--------------------------------------------------------------+----------+------+------+-------+---------+---------------------+
| Raspberry Scone                                              |      480 |   25 |   59 |     3 |       8 | 2023-05-28 00:00:00 |
| French Vanilla Iced Coffee (Small)                           |      120 |    5 |   20 |     0 |       1 | 2023-05-13 00:00:00 |
| Outrageous Oatmeal Cookie                                    |      370 |   14 |   56 |     3 |       5 | 2023-05-13 00:00:00 |
| Chicken Santa Fe Panini                                      |      400 |   11 |   47 |     2 |      26 | 2023-05-25 00:00:00 |
| Butter Croissant                                             |      310 |   18 |   32 |     0 |       5 | 2023-05-25 00:00:00 |
| Hash Browns – small                                          |      250 |   16 |   24 |     3 |       2 | 2023-05-25 00:00:00 |
| Egg White Delight                                            |      250 |    8 |   30 |     4 |      18 | 2023-05-25 00:00:00 |
| Bacon, Egg & Cheese Biscuit                                  |      400 |   26 |   29 |     1 |      13 | 2023-05-14 00:00:00 |
| McFlurry with M&M’s Candies (Medium)                         |      930 |   33 |  139 |     2 |      20 | 2023-05-14 00:00:00 |
| Nonfat Hazelnut Latte (Large)                                |      310 |    1 |   63 |     1 |      16 | 2023-05-14 00:00:00 |
| Diet Dr Pepper (Child)                                       |        0 |    0 |    0 |     0 |       1 | 2023-05-14 00:00:00 |
| Starbucks Classic Coffee Cake                                |      440 |   19 |   63 |     0 |       6 | 2023-05-14 00:00:00 |
| Nonfat Caramel Latte (Medium)                                |      250 |    0 |   51 |     1 |      12 | 2023-05-02 00:00:00 |
| Morning Bun                                                  |      350 |   16 |   45 |     2 |       6 | 2023-05-02 00:00:00 |
| Big Breakfast with Hotcakes and Egg Whites (Regular Biscuit) |      990 |   46 |  110 |     6 |      35 | 2023-05-02 00:00:00 |
| Large French Fries                                           |      510 |   24 |   67 |     5 |       6 | 2023-05-02 00:00:00 |
| Chicken Nuggets- 20pc                                        |      860 |   54 |   53 |     3 |      39 | 2023-05-09 00:00:00 |
| Diet Coke (Small)                                            |        0 |    0 |    0 |     0 |       0 | 2023-05-17 00:00:00 |
| Diet Dr Pepper (Medium)                                      |        0 |    0 |    0 |     0 |       3 | 2023-05-16 00:00:00 |
| Premium McWrap Chicken & Ranch (Grilled Chicken)             |      450 |   18 |   42 |     3 |      30 | 2023-05-16 00:00:00 |
| Bacon Cheeseburger                                           |      320 |   16 |   27 |     1 |      17 | 2023-05-16 00:00:00 |
| Frappé Chocolate Chip (Medium)                               |      630 |   26 |   91 |     1 |       9 | 2023-05-16 00:00:00 |
| Double Quarter Pounder with Cheese                           |      750 |   43 |   42 |     3 |      48 | 2023-05-30 00:00:00 |
| Big Mac                                                      |      530 |   27 |   47 |     3 |      24 | 2023-05-10 00:00:00 |
| Nonfat Latte (Medium)                                        |      130 |    0 |   19 |     1 |      12 | 2023-05-24 00:00:00 |
| Bacon & Cheese Whopper® Sandwich                             |      790 |   51 |   50 |     2 |      35 | 2023-05-24 00:00:00 |
| Shamrock Shake (Large)                                       |      820 |   23 |  135 |     0 |      18 | 2023-05-24 00:00:00 |
| McRib                                                        |      500 |   26 |   44 |     3 |      22 | 2023-05-24 00:00:00 |
| Hazelnut Latte (Medium)                                      |      330 |   10 |   50 |     1 |      11 | 2023-05-12 00:00:00 |
| Original Chicken Sandwich                                    |      660 |   40 |   48 |     2 |      28 | 2023-05-12 00:00:00 |
| Latte (Large)                                                |      280 |   14 |   24 |     1 |      15 | 2023-05-19 00:00:00 |
| Multigrain Bagel                                             |      300 |    3 |   60 |     6 |      15 | 2023-05-07 00:00:00 |
| Bacon Clubhouse Grilled Chicken Sandwich                     |      590 |   25 |   51 |     4 |      40 | 2023-05-07 00:00:00 |
| Crispy Chicken Sandwich                                      |      670 |   41 |   54 |     2 |      23 | 2023-05-07 00:00:00 |
| Nonfat Hazelnut Latte (Large)                                |      310 |    1 |   63 |     1 |      16 | 2023-05-07 00:00:00 |
| Double Cheeseburger                                          |      390 |   21 |   27 |     1 |      23 | 2023-05-29 00:00:00 |
| Oatmeal Raisin Cookie                                        |      150 |    6 |   22 |     1 |       2 | 2023-05-29 00:00:00 |
| Peach Raspberry Yogurt Parfait                               |      300 |    4 |   57 |     3 |      10 | 2023-05-29 00:00:00 |
| Double CROISSAN’WICH® with Sausage                           |      710 |   52 |   31 |     1 |      29 | 2023-05-29 00:00:00 |
| Crispy Chicken Sandwich                                      |      670 |   41 |   54 |     2 |      23 | 2023-05-05 00:00:00 |
| Hamburger                                                    |      240 |   10 |   26 |     1 |      13 | 2023-05-05 00:00:00 |
| Latte (Small)                                                |      170 |    9 |   15 |     1 |       9 | 2023-05-05 00:00:00 |
| Frappé Caramel (Large)                                       |      670 |   27 |   96 |     0 |      11 | 2023-05-05 00:00:00 |
| Double Quarter Pounder with Cheese                           |      750 |   43 |   42 |     3 |      48 | 2023-05-21 00:00:00 |
| CROISSAN’WICH® Bacon, Egg & Cheese                           |      370 |   21 |   30 |     1 |      14 | 2023-05-03 00:00:00 |
| Greek Yogurt Honey Parfait                                   |      300 |   12 |   44 |     0 |       8 | 2023-05-03 00:00:00 |
| Regular Iced Coffee (Large)                                  |      270 |    9 |   47 |     0 |       2 | 2023-05-03 00:00:00 |
| Nonfat Latte (Small)                                         |      100 |    0 |   15 |     1 |      10 | 2023-05-03 00:00:00 |
| Spicy Chicken Nuggets- 20 pc                                 |     1050 |   74 |   56 |     9 |      40 | 2023-05-23 00:00:00 |
| Diet Dr Pepper (Large)                                       |        0 |    0 |    0 |     0 |       4 | 2023-05-23 00:00:00 |
| Latte (Medium)                                               |      210 |   10 |   18 |     1 |      11 | 2023-05-23 00:00:00 |
| Ranch Snack Wrap (Grilled Chicken)                           |      280 |   13 |   25 |     1 |      16 | 2023-06-04 00:00:00 |
| Medium French Fries                                          |      340 |   16 |   44 |     4 |       4 | 2023-06-04 00:00:00 |
| Small French Fries                                           |      230 |   11 |   30 |     2 |       2 | 2023-06-04 00:00:00 |
| Southern Style Chicken Biscuit (Large Biscuit)               |      470 |   24 |   46 |     3 |      17 | 2023-06-20 00:00:00 |
| Bacon, Egg & Cheese Biscuit                                  |      400 |   26 |   29 |     1 |      13 | 2023-06-26 00:00:00 |
| Apple Fritter                                                |      420 |   20 |   59 |     0 |       5 | 2023-06-26 00:00:00 |
| Minute Maid Orange Juice (Medium)                            |      190 |    0 |   44 |     0 |       3 | 2023-06-26 00:00:00 |
| Strawberry Shake (Small)                                     |      550 |   16 |   90 |     0 |      12 | 2023-06-09 00:00:00 |
| Hotcakes and Sausage                                         |      520 |   24 |   61 |     3 |      15 | 2023-06-18 00:00:00 |
| Quarter Pounder Deluxe                                       |      540 |   27 |   45 |     3 |      29 | 2023-06-23 00:00:00 |
| Chocolate Old-Fashioned Doughnut                             |      420 |   21 |   57 |     2 |       5 | 2023-06-23 00:00:00 |
| Chocolate Creme Whoopie Pie                                  |      190 |   11 |   23 |     0 |       0 | 2023-06-23 00:00:00 |
| Bacon Cheddar McChicken                                      |      480 |   24 |   43 |     2 |      22 | 2023-06-29 00:00:00 |
| Premium McWrap Chicken Sweet Chili (Grilled Chicken)         |      380 |   10 |   47 |     3 |      27 | 2023-06-05 00:00:00 |
| Bacon, Egg & Cheese McGriddles with Egg Whites               |      400 |   15 |   47 |     2 |      20 | 2023-06-05 00:00:00 |
| Big Mac                                                      |      530 |   27 |   47 |     3 |      24 | 2023-06-05 00:00:00 |
| Marble Pound Cake                                            |      350 |   13 |   54 |     0 |       6 | 2023-06-10 00:00:00 |
| Double Cheeseburger                                          |      390 |   21 |   27 |     1 |      23 | 2023-06-10 00:00:00 |
| Cinnamon Chip Scone                                          |      480 |   18 |   70 |     3 |       7 | 2023-06-10 00:00:00 |
| Caramel Iced Coffee (Large)                                  |      260 |    9 |   43 |     0 |       2 | 2023-06-30 00:00:00 |
| Multigrain Bagel                                             |      300 |    3 |   60 |     6 |      15 | 2023-06-30 00:00:00 |
| Single Quarter Pound King Sandwich                           |      580 |   29 |   49 |     2 |      32 | 2023-06-03 00:00:00 |
| Sweet Tea (Medium)                                           |      180 |    0 |   45 |     0 |       1 | 2023-06-11 00:00:00 |
| Cheddar Bacon King Sandwich                                  |     1190 |   84 |   50 |     2 |      64 | 2023-06-11 00:00:00 |
| Dr Pepper (Child)                                            |      100 |    0 |   27 |     0 |       0 | 2023-06-16 00:00:00 |
| Coca-Cola Classic (Medium)                                   |      200 |    0 |   55 |     0 |       0 | 2023-06-16 00:00:00 |
| Chocolate Old-Fashioned Doughnut                             |      420 |   21 |   57 |     2 |       5 | 2023-06-16 00:00:00 |
| Cheeseburger                                                 |      280 |   13 |   27 |     1 |      15 | 2023-06-21 00:00:00 |
| Iced Mocha with Nonfat Milk (Medium)                         |      290 |    5 |   50 |     1 |      10 | 2023-06-12 00:00:00 |
| Crispy Taco                                                  |      170 |    9 |   19 |     2 |       5 | 2023-06-12 00:00:00 |
| Sweet Tea (Small)                                            |      150 |    0 |   36 |     0 |       1 | 2023-06-12 00:00:00 |
| Frappé Chocolate Chip (Large)                                |      760 |   31 |  111 |     1 |      12 | 2023-06-12 00:00:00 |
| McFlurry with M&M’s Candies (Medium)                         |      930 |   33 |  139 |     2 |      20 | 2023-06-12 00:00:00 |
| Birthday Cake Mini Doughnut                                  |      130 |    6 |   17 |     0 |       0 | 2023-06-07 00:00:00 |
| Strawberry or Grape Jam (packet)                             |       30 |    0 |    7 |     0 |       0 | 2023-06-07 00:00:00 |
| Marble Pound Cake                                            |      350 |   13 |   54 |     0 |       6 | 2023-06-06 00:00:00 |
| Tarragon Chicken Salad Sandwich                              |      420 |   13 |   46 |     6 |      32 | 2023-06-06 00:00:00 |
| Mocha with Nonfat Milk (Large)                               |      390 |    4 |   73 |     2 |      17 | 2023-06-22 00:00:00 |
| Quarter Pounder with Cheese                                  |      520 |   26 |   41 |     3 |      30 | 2023-06-19 00:00:00 |
| Nonfat Caramel Latte (Medium)                                |      250 |    0 |   51 |     1 |      12 | 2023-06-19 00:00:00 |
| Bacon, Egg & Cheese Biscuit                                  |      400 |   26 |   29 |     1 |      13 | 2023-06-17 00:00:00 |
| Premium Grilled Chicken Club Sandwich                        |      510 |   20 |   44 |     3 |      40 | 2023-06-27 00:00:00 |
| Shamrock Shake (Medium)                                      |      660 |   19 |  109 |     0 |      14 | 2023-06-08 00:00:00 |
| Hamburger                                                    |      240 |   10 |   26 |     1 |      13 | 2023-06-08 00:00:00 |
| Hash Browns – large                                          |      670 |   44 |   65 |     9 |       5 | 2023-06-08 00:00:00 |
| Nonfat French Vanilla Latte (Small)                          |      190 |    0 |   39 |     1 |      10 | 2023-06-13 00:00:00 |
| Large French Fries                                           |      510 |   24 |   67 |     5 |       6 | 2023-06-13 00:00:00 |
| Diet Dr Pepper (Child)                                       |        0 |    0 |    0 |     0 |       1 | 2023-06-13 00:00:00 |
| Bacon, Egg & Cheese Biscuit with Egg Whites (Large Biscuit)  |      470 |   25 |   42 |     3 |      20 | 2023-06-15 00:00:00 |
| Zucchini Walnut Muffin                                       |      490 |   28 |   52 |     2 |       7 | 2023-06-25 00:00:00 |
| Iced Tea (Large)                                             |        0 |    0 |    0 |     0 |       0 | 2023-06-25 00:00:00 |
| Premium Grilled Chicken Club Sandwich                        |      510 |   20 |   44 |     3 |      40 | 2023-06-25 00:00:00 |
| Multigrain Bagel                                             |      300 |    3 |   60 |     6 |      15 | 2023-06-25 00:00:00 |
| Coca-Cola Classic (Child)                                    |      100 |    0 |   28 |     0 |       0 | 2023-06-25 00:00:00 |
| Hot Chocolate (Medium)                                       |      440 |   16 |   61 |     1 |      14 | 2023-06-24 00:00:00 |
| Tarragon Chicken Salad Sandwich                              |      420 |   13 |   46 |     6 |      32 | 2023-06-24 00:00:00 |
| Premium Southwest Salad with Crispy Chicken                  |      450 |   22 |   42 |     7 |      23 | 2023-06-01 00:00:00 |
| Nonfat Hazelnut Latte (Large)                                |      310 |    1 |   63 |     1 |      16 | 2023-06-01 00:00:00 |
| Iced Caramel Mocha (Large)                                   |      460 |   16 |   65 |     1 |      13 | 2023-06-14 00:00:00 |
| Big Breakfast with Hotcakes (Large Biscuit)                  |     1150 |   60 |  116 |     7 |      36 | 2023-06-14 00:00:00 |
| McDouble                                                     |      380 |   17 |   34 |     2 |      22 | 2023-06-28 00:00:00 |
| Deluxe Fruit Blend                                           |       80 |    0 |   20 |     2 |       0 | 2023-06-28 00:00:00 |
| Premium McWrap Southwest Chicken (Grilled Chicken)           |      520 |   20 |   55 |     5 |      31 | 2023-06-28 00:00:00 |
| Maple Oat Pecan Scone                                        |      440 |   18 |   59 |     3 |       8 | 2023-06-28 00:00:00 |
| Coca-Cola Classic (Child)                                    |      100 |    0 |   28 |     0 |       0 | 2023-06-02 00:00:00 |
+--------------------------------------------------------------+----------+------+------+-------+---------+---------------------+
116 rows in set (0.00 sec)

Update
+----+---------+--------------+---------------------+
| id | user_id | food_item_id | created_at          |
+----+---------+--------------+---------------------+
|  1 |       1 |            3 | 2023-06-04 15:00:00 |
|  2 |       1 |            7 | 2023-06-04 15:00:00 |
|  3 |       1 |            8 | 2023-06-04 15:00:00 |
|  4 |       1 |            9 | 2023-06-10 11:30:00 |
|  6 |       2 |            6 | 2023-06-10 11:30:00 |
|  7 |       2 |            8 | 2023-06-10 11:30:00 |
|  8 |       2 |            7 | 2023-06-10 11:30:00 |
|  9 |       2 |            8 | 2023-06-11 11:30:00 |
| 10 |       2 |            8 | 2023-06-12 11:30:00 |
| 11 |       2 |            9 | 2023-06-12 11:30:00 |
| 12 |       2 |            7 | 2023-06-12 11:30:00 |
| 13 |       2 |           10 | 2023-06-12 11:30:00 |
+----+---------+--------------+---------------------+

Delete
+----+---------+--------------+---------------------+
| id | user_id | food_item_id | created_at          |
+----+---------+--------------+---------------------+
|  1 |       1 |            3 | 2023-06-04 15:00:00 |
|  2 |       1 |            7 | 2023-06-04 15:00:00 |
|  4 |       1 |            9 | 2023-06-10 11:30:00 |
|  6 |       2 |            6 | 2023-06-10 11:30:00 |
|  7 |       2 |            8 | 2023-06-10 11:30:00 |
|  8 |       2 |            7 | 2023-06-10 11:30:00 |
|  9 |       2 |            8 | 2023-06-11 11:30:00 |
| 10 |       2 |            8 | 2023-06-12 11:30:00 |
| 11 |       2 |            9 | 2023-06-12 11:30:00 |
| 12 |       2 |            7 | 2023-06-12 11:30:00 |
| 13 |       2 |           10 | 2023-06-12 11:30:00 |
+----+---------+--------------+---------------------+

Insert
+----+---------+--------------+---------------------+
| id | user_id | food_item_id | created_at          |
+----+---------+--------------+---------------------+
|  1 |       1 |            1 | 2023-06-04 15:00:00 |
|  2 |       1 |            2 | 2023-06-04 15:00:00 |
|  4 |       1 |            4 | 2023-06-10 11:30:00 |
|  5 |       1 |            5 | 2023-06-10 11:30:00 |
|  6 |       2 |            1 | 2023-06-10 11:30:00 |
|  7 |       2 |            3 | 2023-06-10 11:30:00 |
|  8 |       2 |            2 | 2023-06-10 11:30:00 |
|  9 |       2 |            3 | 2023-06-11 11:30:00 |
| 10 |       2 |            3 | 2023-06-12 11:30:00 |
| 11 |       2 |            4 | 2023-06-12 11:30:00 |
| 12 |       2 |            2 | 2023-06-12 11:30:00 |
| 13 |       2 |            5 | 2023-06-12 11:30:00 |
| 14 |       1 |            3 | 2023-06-22 20:42:02 |
+----+---------+--------------+---------------------+
