+---------------------------+----------+------+------+-------+---------+---------------------+
| name                      | calories | fat  | carb | fiber | protein | created_at          |
+---------------------------+----------+------+------+-------+---------+---------------------+
| Ham & Swiss Panini        |      360 |    9 |   43 |     2 |       2 | 2023-06-04 15:00:00 |
| Bacon, Egg & Cheese Bagel |      620 |   27 |   10 |     5 |    NULL | 2023-06-04 15:00:00 |
| Ham & Swiss Panini        |      360 |    9 |   43 |     2 |       2 | 2023-06-04 15:00:00 |
| Double Whopper Sandwich   |      360 |    9 |   43 |  NULL |      37 | 2023-06-10 11:30:00 |
+---------------------------+----------+------+------+-------+---------+---------------------+

+----+---------+--------------+---------------------+
| id | user_id | food_item_id | created_at          |
+----+---------+--------------+---------------------+
|  1 |       1 |            3 | 2023-06-04 15:00:00 |
|  2 |       1 |            7 | 2023-06-04 15:00:00 |
|  3 |       1 |            8 | 2023-06-04 15:00:00 |
|  4 |       1 |            9 | 2023-06-10 11:30:00 |
|  6 |       2 |            6 | 2023-06-10 11:30:00 |
|  7 |       2 |            8 | 2023-06-10 11:30:00 |
|  8 |       2 |            7 | 2023-06-10 11:30:00 |
|  9 |       2 |            8 | 2023-06-11 11:30:00 |
| 10 |       2 |            8 | 2023-06-12 11:30:00 |
| 11 |       2 |            9 | 2023-06-12 11:30:00 |
| 12 |       2 |            7 | 2023-06-12 11:30:00 |
| 13 |       2 |           10 | 2023-06-12 11:30:00 |
+----+---------+--------------+---------------------+

+----+---------+--------------+---------------------+
| id | user_id | food_item_id | created_at          |
+----+---------+--------------+---------------------+
|  1 |       1 |            3 | 2023-06-04 15:00:00 |
|  2 |       1 |            7 | 2023-06-04 15:00:00 |
|  4 |       1 |            9 | 2023-06-10 11:30:00 |
|  6 |       2 |            6 | 2023-06-10 11:30:00 |
|  7 |       2 |            8 | 2023-06-10 11:30:00 |
|  8 |       2 |            7 | 2023-06-10 11:30:00 |
|  9 |       2 |            8 | 2023-06-11 11:30:00 |
| 10 |       2 |            8 | 2023-06-12 11:30:00 |
| 11 |       2 |            9 | 2023-06-12 11:30:00 |
| 12 |       2 |            7 | 2023-06-12 11:30:00 |
| 13 |       2 |           10 | 2023-06-12 11:30:00 |
+----+---------+--------------+---------------------+